  [1m[35m (0.1ms)[0m  [1m[34mSELECT sqlite_version(*)[0m
  ↳ bin/rails:9
  [1m[35m (0.9ms)[0m  [1m[35mCREATE TABLE "schema_migrations" ("version" varchar NOT NULL PRIMARY KEY)[0m
  ↳ bin/rails:9
  [1m[35m (1.0ms)[0m  [1m[35mCREATE TABLE "ar_internal_metadata" ("key" varchar NOT NULL PRIMARY KEY, "value" varchar, "created_at" datetime NOT NULL, "updated_at" datetime NOT NULL)[0m
  ↳ bin/rails:9
  [1m[35m (0.2ms)[0m  [1m[34mSELECT "schema_migrations"."version" FROM "schema_migrations" ORDER BY "schema_migrations"."version" ASC[0m
  ↳ bin/rails:9
Migrating to CreateCourses (20180725172037)
  [1m[35m (0.1ms)[0m  [1m[36mbegin transaction[0m
  ↳ bin/rails:9
  [1m[35m (0.4ms)[0m  [1m[35mCREATE TABLE "courses" ("id" integer PRIMARY KEY AUTOINCREMENT NOT NULL, "title" varchar, "description" text, "created_at" datetime NOT NULL, "updated_at" datetime NOT NULL)[0m
  ↳ db/migrate/20180725172037_create_courses.rb:3
  [1m[36mActiveRecord::SchemaMigration Create (0.1ms)[0m  [1m[32mINSERT INTO "schema_migrations" ("version") VALUES (?)[0m  [["version", "20180725172037"]]
  ↳ bin/rails:9
  [1m[35m (0.7ms)[0m  [1m[36mcommit transaction[0m
  ↳ bin/rails:9
Migrating to CreateLessons (20180725172111)
  [1m[35m (0.0ms)[0m  [1m[36mbegin transaction[0m
  ↳ bin/rails:9
  [1m[35m (0.1ms)[0m  [1m[31mrollback transaction[0m
  ↳ bin/rails:9
  [1m[35m (0.1ms)[0m  [1m[34mSELECT "schema_migrations"."version" FROM "schema_migrations" ORDER BY "schema_migrations"."version" ASC[0m
  ↳ bin/rails:9
Migrating to CreateLessons (20180725172111)
  [1m[35m (0.1ms)[0m  [1m[36mbegin transaction[0m
  ↳ bin/rails:9
  [1m[35m (0.0ms)[0m  [1m[34mSELECT sqlite_version(*)[0m
  ↳ db/migrate/20180725172111_create_lessons.rb:3
  [1m[35m (0.3ms)[0m  [1m[35mCREATE TABLE "lessons" ("id" integer PRIMARY KEY AUTOINCREMENT NOT NULL, "course_id" integer, "title" varchar, "body" text, "created_at" datetime NOT NULL, "updated_at" datetime NOT NULL)[0m
  ↳ db/migrate/20180725172111_create_lessons.rb:3
  [1m[35m (0.1ms)[0m  [1m[35mCREATE  INDEX "index_lessons_on_course_id" ON "lessons" ("course_id")[0m
  ↳ db/migrate/20180725172111_create_lessons.rb:3
  [1m[36mActiveRecord::SchemaMigration Create (0.2ms)[0m  [1m[32mINSERT INTO "schema_migrations" ("version") VALUES (?)[0m  [["version", "20180725172111"]]
  ↳ bin/rails:9
  [1m[35m (0.8ms)[0m  [1m[36mcommit transaction[0m
  ↳ bin/rails:9
  [1m[36mActiveRecord::InternalMetadata Load (0.2ms)[0m  [1m[34mSELECT  "ar_internal_metadata".* FROM "ar_internal_metadata" WHERE "ar_internal_metadata"."key" = ? LIMIT ?[0m  [["key", "environment"], ["LIMIT", 1]]
  ↳ bin/rails:9
  [1m[35m (0.1ms)[0m  [1m[36mbegin transaction[0m
  ↳ bin/rails:9
  [1m[36mActiveRecord::InternalMetadata Create (0.3ms)[0m  [1m[32mINSERT INTO "ar_internal_metadata" ("key", "value", "created_at", "updated_at") VALUES (?, ?, ?, ?)[0m  [["key", "environment"], ["value", "development"], ["created_at", "2018-07-25 17:35:23.158003"], ["updated_at", "2018-07-25 17:35:23.158003"]]
  ↳ bin/rails:9
  [1m[35m (0.8ms)[0m  [1m[36mcommit transaction[0m
  ↳ bin/rails:9
  [1m[35m (0.1ms)[0m  [1m[34mSELECT "schema_migrations"."version" FROM "schema_migrations" ORDER BY "schema_migrations"."version" ASC[0m
  ↳ bin/rails:9
  [1m[35m (0.1ms)[0m  [1m[34mSELECT "schema_migrations"."version" FROM "schema_migrations" ORDER BY "schema_migrations"."version" ASC[0m
  ↳ bin/rails:9
  [1m[35m (0.0ms)[0m  [1m[36mbegin transaction[0m
  ↳ db/seeds.rb:10
  [1m[36mCourse Create (0.3ms)[0m  [1m[32mINSERT INTO "courses" ("title", "description", "created_at", "updated_at") VALUES (?, ?, ?, ?)[0m  [["title", "Water 7"], ["description", "Chuck Norris can't test for equality because he has no equal."], ["created_at", "2018-07-25 17:35:38.916651"], ["updated_at", "2018-07-25 17:35:38.916651"]]
  ↳ db/seeds.rb:10
  [1m[35m (0.7ms)[0m  [1m[36mcommit transaction[0m
  ↳ db/seeds.rb:10
  [1m[35m (0.1ms)[0m  [1m[36mbegin transaction[0m
  ↳ db/seeds.rb:10
  [1m[36mCourse Create (0.5ms)[0m  [1m[32mINSERT INTO "courses" ("title", "description", "created_at", "updated_at") VALUES (?, ?, ?, ?)[0m  [["title", "Pucci"], ["description", "Chuck Norris' programs occupy 150% of CPU, even when they are not executing."], ["created_at", "2018-07-25 17:35:38.919584"], ["updated_at", "2018-07-25 17:35:38.919584"]]
  ↳ db/seeds.rb:10
  [1m[35m (0.8ms)[0m  [1m[36mcommit transaction[0m
  ↳ db/seeds.rb:10
  [1m[35m (0.0ms)[0m  [1m[36mbegin transaction[0m
  ↳ db/seeds.rb:10
  [1m[36mCourse Create (0.3ms)[0m  [1m[32mINSERT INTO "courses" ("title", "description", "created_at", "updated_at") VALUES (?, ?, ?, ?)[0m  [["title", "Mamoiro Island"], ["description", "When Chuck Norris points to null, null quakes in fear."], ["created_at", "2018-07-25 17:35:38.922546"], ["updated_at", "2018-07-25 17:35:38.922546"]]
  ↳ db/seeds.rb:10
  [1m[35m (0.6ms)[0m  [1m[36mcommit transaction[0m
  ↳ db/seeds.rb:10
  [1m[36mCourse Load (0.1ms)[0m  [1m[34mSELECT  "courses".* FROM "courses" ORDER BY "courses"."id" DESC LIMIT ?[0m  [["LIMIT", 1]]
  ↳ db/seeds.rb:13
  [1m[35m (0.0ms)[0m  [1m[36mbegin transaction[0m
  ↳ db/seeds.rb:13
  [1m[36mCourse Load (0.2ms)[0m  [1m[34mSELECT  "courses".* FROM "courses" WHERE "courses"."id" = ? LIMIT ?[0m  [["id", 2], ["LIMIT", 1]]
  ↳ db/seeds.rb:13
  [1m[36mLesson Create (0.5ms)[0m  [1m[32mINSERT INTO "lessons" ("course_id", "title", "body", "created_at", "updated_at") VALUES (?, ?, ?, ?, ?)[0m  [["course_id", 2], ["title", "De Vermis Mysteriis"], ["body", "So then you have no frame of reference here Donny. You're like a child who wonders into the middle of a movie."], ["created_at", "2018-07-25 17:35:38.977592"], ["updated_at", "2018-07-25 17:35:38.977592"]]
  ↳ db/seeds.rb:13
  [1m[35m (1.2ms)[0m  [1m[36mcommit transaction[0m
  ↳ db/seeds.rb:13
  [1m[36mCourse Load (0.2ms)[0m  [1m[34mSELECT  "courses".* FROM "courses" ORDER BY "courses"."id" DESC LIMIT ?[0m  [["LIMIT", 1]]
  ↳ db/seeds.rb:13
  [1m[35m (0.2ms)[0m  [1m[36mbegin transaction[0m
  ↳ db/seeds.rb:13
  [1m[36mCourse Load (0.1ms)[0m  [1m[34mSELECT  "courses".* FROM "courses" WHERE "courses"."id" = ? LIMIT ?[0m  [["id", 3], ["LIMIT", 1]]
  ↳ db/seeds.rb:13
  [1m[36mLesson Create (0.4ms)[0m  [1m[32mINSERT INTO "lessons" ("course_id", "title", "body", "created_at", "updated_at") VALUES (?, ?, ?, ?, ?)[0m  [["course_id", 3], ["title", "Necronomicon"], ["body", "I'm perfectly calm, Dude."], ["created_at", "2018-07-25 17:35:38.984531"], ["updated_at", "2018-07-25 17:35:38.984531"]]
  ↳ db/seeds.rb:13
  [1m[35m (1.0ms)[0m  [1m[36mcommit transaction[0m
  ↳ db/seeds.rb:13
  [1m[36mCourse Load (0.2ms)[0m  [1m[34mSELECT  "courses".* FROM "courses" ORDER BY "courses"."id" DESC LIMIT ?[0m  [["LIMIT", 1]]
  ↳ db/seeds.rb:13
  [1m[35m (0.1ms)[0m  [1m[36mbegin transaction[0m
  ↳ db/seeds.rb:13
  [1m[36mCourse Load (0.1ms)[0m  [1m[34mSELECT  "courses".* FROM "courses" WHERE "courses"."id" = ? LIMIT ?[0m  [["id", 2], ["LIMIT", 1]]
  ↳ db/seeds.rb:13
  [1m[36mLesson Create (0.6ms)[0m  [1m[32mINSERT INTO "lessons" ("course_id", "title", "body", "created_at", "updated_at") VALUES (?, ?, ?, ?, ?)[0m  [["course_id", 2], ["title", "Necronomicon"], ["body", "Stay away from my special lady friend, man."], ["created_at", "2018-07-25 17:35:38.991618"], ["updated_at", "2018-07-25 17:35:38.991618"]]
  ↳ db/seeds.rb:13
  [1m[35m (1.0ms)[0m  [1m[36mcommit transaction[0m
  ↳ db/seeds.rb:13
  [1m[36mCourse Load (0.1ms)[0m  [1m[34mSELECT  "courses".* FROM "courses" ORDER BY "courses"."id" DESC LIMIT ?[0m  [["LIMIT", 1]]
  ↳ db/seeds.rb:13
  [1m[35m (0.0ms)[0m  [1m[36mbegin transaction[0m
  ↳ db/seeds.rb:13
  [1m[36mCourse Load (0.1ms)[0m  [1m[34mSELECT  "courses".* FROM "courses" WHERE "courses"."id" = ? LIMIT ?[0m  [["id", 1], ["LIMIT", 1]]
  ↳ db/seeds.rb:13
  [1m[36mLesson Create (0.3ms)[0m  [1m[32mINSERT INTO "lessons" ("course_id", "title", "body", "created_at", "updated_at") VALUES (?, ?, ?, ?, ?)[0m  [["course_id", 1], ["title", "Book of Eibon"], ["body", "Oh, the usual. I bowl. Drive around. The occasional acid flashback."], ["created_at", "2018-07-25 17:35:38.996431"], ["updated_at", "2018-07-25 17:35:38.996431"]]
  ↳ db/seeds.rb:13
  [1m[35m (0.8ms)[0m  [1m[36mcommit transaction[0m
  ↳ db/seeds.rb:13
  [1m[36mCourse Load (0.1ms)[0m  [1m[34mSELECT  "courses".* FROM "courses" ORDER BY "courses"."id" DESC LIMIT ?[0m  [["LIMIT", 1]]
  ↳ db/seeds.rb:13
  [1m[35m (0.0ms)[0m  [1m[36mbegin transaction[0m
  ↳ db/seeds.rb:13
  [1m[36mCourse Load (0.1ms)[0m  [1m[34mSELECT  "courses".* FROM "courses" WHERE "courses"."id" = ? LIMIT ?[0m  [["id", 3], ["LIMIT", 1]]
  ↳ db/seeds.rb:13
  [1m[36mLesson Create (0.3ms)[0m  [1m[32mINSERT INTO "lessons" ("course_id", "title", "body", "created_at", "updated_at") VALUES (?, ?, ?, ?, ?)[0m  [["course_id", 3], ["title", "De Vermis Mysteriis"], ["body", "I don't like your jerk-off name. I don't like your jerk-off face. And I don't like you...jerk-off."], ["created_at", "2018-07-25 17:35:39.001083"], ["updated_at", "2018-07-25 17:35:39.001083"]]
  ↳ db/seeds.rb:13
  [1m[35m (0.8ms)[0m  [1m[36mcommit transaction[0m
  ↳ db/seeds.rb:13
  [1m[36mCourse Load (0.1ms)[0m  [1m[34mSELECT  "courses".* FROM "courses" ORDER BY "courses"."id" DESC LIMIT ?[0m  [["LIMIT", 1]]
  ↳ db/seeds.rb:13
  [1m[35m (0.0ms)[0m  [1m[36mbegin transaction[0m
  ↳ db/seeds.rb:13
  [1m[36mCourse Load (0.1ms)[0m  [1m[34mSELECT  "courses".* FROM "courses" WHERE "courses"."id" = ? LIMIT ?[0m  [["id", 3], ["LIMIT", 1]]
  ↳ db/seeds.rb:13
  [1m[36mLesson Create (0.2ms)[0m  [1m[32mINSERT INTO "lessons" ("course_id", "title", "body", "created_at", "updated_at") VALUES (?, ?, ?, ?, ?)[0m  [["course_id", 3], ["title", "De Vermis Mysteriis"], ["body", "Yeah, well, that's just, like, your opinion, man."], ["created_at", "2018-07-25 17:35:39.004935"], ["updated_at", "2018-07-25 17:35:39.004935"]]
  ↳ db/seeds.rb:13
  [1m[35m (0.7ms)[0m  [1m[36mcommit transaction[0m
  ↳ db/seeds.rb:13
  [1m[36mCourse Load (0.1ms)[0m  [1m[34mSELECT  "courses".* FROM "courses" ORDER BY "courses"."id" DESC LIMIT ?[0m  [["LIMIT", 1]]
  ↳ db/seeds.rb:13
  [1m[35m (0.0ms)[0m  [1m[36mbegin transaction[0m
  ↳ db/seeds.rb:13
  [1m[36mCourse Load (0.1ms)[0m  [1m[34mSELECT  "courses".* FROM "courses" WHERE "courses"."id" = ? LIMIT ?[0m  [["id", 1], ["LIMIT", 1]]
  ↳ db/seeds.rb:13
  [1m[36mLesson Create (0.2ms)[0m  [1m[32mINSERT INTO "lessons" ("course_id", "title", "body", "created_at", "updated_at") VALUES (?, ?, ?, ?, ?)[0m  [["course_id", 1], ["title", "Pnakotic Manuscripts"], ["body", "Mark it zero!"], ["created_at", "2018-07-25 17:35:39.008250"], ["updated_at", "2018-07-25 17:35:39.008250"]]
  ↳ db/seeds.rb:13
  [1m[35m (0.6ms)[0m  [1m[36mcommit transaction[0m
  ↳ db/seeds.rb:13
  [1m[36mCourse Load (0.1ms)[0m  [1m[34mSELECT  "courses".* FROM "courses" ORDER BY "courses"."id" DESC LIMIT ?[0m  [["LIMIT", 1]]
  ↳ db/seeds.rb:13
  [1m[35m (0.0ms)[0m  [1m[36mbegin transaction[0m
  ↳ db/seeds.rb:13
  [1m[36mCourse Load (0.1ms)[0m  [1m[34mSELECT  "courses".* FROM "courses" WHERE "courses"."id" = ? LIMIT ?[0m  [["id", 1], ["LIMIT", 1]]
  ↳ db/seeds.rb:13
  [1m[36mLesson Create (0.2ms)[0m  [1m[32mINSERT INTO "lessons" ("course_id", "title", "body", "created_at", "updated_at") VALUES (?, ?, ?, ?, ?)[0m  [["course_id", 1], ["title", "Necronomicon"], ["body", "So what are you saying? When you get divorced you turn in your library card? You get a new license? You stop being Jewish?"], ["created_at", "2018-07-25 17:35:39.011158"], ["updated_at", "2018-07-25 17:35:39.011158"]]
  ↳ db/seeds.rb:13
  [1m[35m (0.6ms)[0m  [1m[36mcommit transaction[0m
  ↳ db/seeds.rb:13
  [1m[36mCourse Load (0.1ms)[0m  [1m[34mSELECT  "courses".* FROM "courses" ORDER BY "courses"."id" DESC LIMIT ?[0m  [["LIMIT", 1]]
  ↳ db/seeds.rb:13
  [1m[35m (0.0ms)[0m  [1m[36mbegin transaction[0m
  ↳ db/seeds.rb:13
  [1m[36mCourse Load (0.1ms)[0m  [1m[34mSELECT  "courses".* FROM "courses" WHERE "courses"."id" = ? LIMIT ?[0m  [["id", 3], ["LIMIT", 1]]
  ↳ db/seeds.rb:13
  [1m[36mLesson Create (0.5ms)[0m  [1m[32mINSERT INTO "lessons" ("course_id", "title", "body", "created_at", "updated_at") VALUES (?, ?, ?, ?, ?)[0m  [["course_id", 3], ["title", "Pnakotic Manuscripts"], ["body", "He's a good man...and thorough."], ["created_at", "2018-07-25 17:35:39.014567"], ["updated_at", "2018-07-25 17:35:39.014567"]]
  ↳ db/seeds.rb:13
  [1m[35m (1.0ms)[0m  [1m[36mcommit transaction[0m
  ↳ db/seeds.rb:13
  [1m[36mCourse Load (0.1ms)[0m  [1m[34mSELECT  "courses".* FROM "courses" ORDER BY "courses"."id" DESC LIMIT ?[0m  [["LIMIT", 1]]
  ↳ db/seeds.rb:13
  [1m[35m (0.0ms)[0m  [1m[36mbegin transaction[0m
  ↳ db/seeds.rb:13
  [1m[36mCourse Load (0.1ms)[0m  [1m[34mSELECT  "courses".* FROM "courses" WHERE "courses"."id" = ? LIMIT ?[0m  [["id", 2], ["LIMIT", 1]]
  ↳ db/seeds.rb:13
  [1m[36mLesson Create (0.3ms)[0m  [1m[32mINSERT INTO "lessons" ("course_id", "title", "body", "created_at", "updated_at") VALUES (?, ?, ?, ?, ?)[0m  [["course_id", 2], ["title", "Necronomicon"], ["body", "Obviously, you're not a golfer"], ["created_at", "2018-07-25 17:35:39.019316"], ["updated_at", "2018-07-25 17:35:39.019316"]]
  ↳ db/seeds.rb:13
  [1m[35m (0.8ms)[0m  [1m[36mcommit transaction[0m
  ↳ db/seeds.rb:13
